Generating 3D model for part AMS1117.
	*Warning: No mapping for cell/part AMS1117
Generating 3D model for part 3216.
	*Warning: No mapping for cell/part 3216
Generating 3D model for part CAP0805.
	*Warning: No mapping for cell/part CAP0805
Generating 3D model for part FUSE0805.
	*Warning: No mapping for cell/part FUSE0805
Generating 3D model for part HEADER4.
	*Warning: No mapping for cell/part HEADER4
Generating 3D model for part LED0805.
	*Warning: No mapping for cell/part LED0805
Generating 3D model for part RES0805.
	*Warning: No mapping for cell/part RES0805
Generating 3D model for part QFP48.
	*Warning: No mapping for cell/part QFP48
Generating 3D model for part XTAL_BIG.
	*Warning: No mapping for cell/part XTAL_BIG
Generating 3D model for part SWD_AND_COM1.
	*Warning: No mapping for cell/part SWD_AND_COM1
Generating 3D model for part TYPE_C1.
	*Warning: No mapping for cell/part TYPE_C1
